<?xml version="1.0" encoding="UTF-8"?>
<!-- Generated by org.testng.reporters.JUnitReportReporter -->
<testsuite hostname="DESKTOP-TL1QD2K" failures="0" tests="5" name="bstorm.akimt.demoTestNG.correction.des.LancerDesTest" time="0.026" errors="0" timestamp="2020-12-02T16:56:56 CET" skipped="0">
  <testcase classname="bstorm.akimt.demoTestNG.correction.des.LancerDesTest" name="testDCustom_NbrFaceException_strict_positif" time="0.003"/>
  <system-out/>
  <testcase classname="bstorm.akimt.demoTestNG.correction.des.LancerDesTest" name="testDCustom_NbrFaceException_pair" time="0.009"/>
  <system-out/>
  <testcase classname="bstorm.akimt.demoTestNG.correction.des.LancerDesTest" name="testDCustom_BonusException_intervalle_inf" time="0.011"/>
  <system-out/>
  <testcase classname="bstorm.akimt.demoTestNG.correction.des.LancerDesTest" name="testDCustom_NbrLancerException" time="0.001"/>
  <system-out/>
  <testcase classname="bstorm.akimt.demoTestNG.correction.des.LancerDesTest" name="testDCustom_BonusException_intervalle_sup" time="0.002"/>
  <system-out/>
</testsuite> <!-- bstorm.akimt.demoTestNG.correction.des.LancerDesTest -->
