<?xml version="1.0" encoding="UTF-8"?>
<!-- Generated by org.testng.reporters.JUnitReportReporter -->
<testsuite hostname="DESKTOP-TL1QD2K" failures="0" tests="2" name="bstorm.akimt.demoTestNG.correction.des.LancerDesTest" time="0.021" errors="0" timestamp="2020-12-02T16:28:16 CET" skipped="0">
  <testcase classname="bstorm.akimt.demoTestNG.correction.des.LancerDesTest" name="testDCustom_BonusException_intervalle_inf" time="0.014"/>
  <system-out/>
  <testcase classname="bstorm.akimt.demoTestNG.correction.des.LancerDesTest" name="testDCustom_BonusException_intervalle_sup" time="0.007"/>
  <system-out/>
</testsuite> <!-- bstorm.akimt.demoTestNG.correction.des.LancerDesTest -->
