<?xml version="1.0" encoding="UTF-8"?>
<!-- Generated by org.testng.reporters.JUnitReportReporter -->
<testsuite hostname="DESKTOP-TL1QD2K" failures="0" tests="1" name="bstorm.akimt.demoTestNG.demoProg.DemoProgTest" time="0.004" errors="0" timestamp="2020-12-02T16:28:16 CET" skipped="0">
  <testcase classname="bstorm.akimt.demoTestNG.demoProg.DemoProgTest" name="testProgParam" time="0.004"/>
  <system-out/>
</testsuite> <!-- bstorm.akimt.demoTestNG.demoProg.DemoProgTest -->
